<?xml version="1.0" encoding="UTF-8"?>
<!-- Generated by org.testng.reporters.JUnitReportReporter -->
<testsuite hostname="DESKTOP-DNVR5H8" failures="0" tests="1" name="testNG.NewTest" time="0.005" errors="0" timestamp="21 Feb 2024 16:27:23 GMT" skipped="0">
  <testcase classname="testNG.NewTest" name="f" time="0.005"/>
</testsuite> <!-- testNG.NewTest -->
