<?xml version="1.0" encoding="UTF-8"?>
<!-- Generated by org.testng.reporters.JUnitReportReporter -->
<testsuite hostname="DESKTOP-DNVR5H8" failures="0" tests="4" name="testNG.TestNGDataPRo" time="82.411" errors="0" timestamp="22 Feb 2024 15:52:42 GMT" skipped="0">
  <testcase classname="testNG.TestNGDataPRo" name="m1" time="16.387"/>
  <testcase classname="testNG.TestNGDataPRo" name="m1" time="15.413"/>
  <testcase classname="testNG.TestNGDataPRo" name="m1" time="17.547"/>
  <testcase classname="testNG.TestNGDataPRo" name="m1" time="33.064"/>
</testsuite> <!-- testNG.TestNGDataPRo -->
