<?xml version="1.0" encoding="UTF-8"?>
<!-- Generated by org.testng.reporters.JUnitReportReporter -->
<testsuite hostname="DESKTOP-DNVR5H8" failures="0" tests="2" name="testNG.TestNGEx1" time="20.689" errors="0" timestamp="21 Feb 2024 16:27:23 GMT" skipped="0">
  <testcase classname="testNG.TestNGEx1" name="script2" time="8.355"/>
  <testcase classname="testNG.TestNGEx1" name="script1" time="12.334"/>
</testsuite> <!-- testNG.TestNGEx1 -->
