<?xml version="1.0" encoding="UTF-8"?>
<!-- Generated by org.testng.reporters.JUnitReportReporter -->
<testsuite hostname="DESKTOP-DNVR5H8" failures="0" tests="1" name="extentReport.ExtentReportEx1" time="10.638" errors="0" timestamp="26 Feb 2024 15:27:23 GMT" skipped="0">
  <testcase classname="extentReport.ExtentReportEx1" name="m1" time="10.638"/>
</testsuite> <!-- extentReport.ExtentReportEx1 -->
