<?xml version="1.0" encoding="UTF-8"?>
<!-- Generated by org.testng.reporters.JUnitReportReporter -->
<testsuite hostname="DESKTOP-DNVR5H8" failures="0" tests="4" name="testNG.TestNGEx2" time="0.074" errors="0" timestamp="21 Feb 2024 16:50:33 GMT" skipped="0">
  <testcase classname="testNG.TestNGEx2" name="registration" time="0.005"/>
  <testcase classname="testNG.TestNGEx2" name="login" time="0.025"/>
  <testcase classname="testNG.TestNGEx2" name="name" time="0.007"/>
  <testcase classname="testNG.TestNGEx2" name="checkout" time="0.037"/>
</testsuite> <!-- testNG.TestNGEx2 -->
