<?xml version="1.0" encoding="UTF-8"?>
<!-- Generated by org.testng.reporters.JUnitReportReporter -->
<testsuite hostname="DESKTOP-DNVR5H8" failures="0" tests="2" name="testNG.TestNGEx5" time="0.033" errors="0" timestamp="22 Feb 2024 15:24:11 GMT" skipped="0">
  <testcase classname="testNG.TestNGEx5" name="BankLoginForCorporateCustomer" time="0.029"/>
  <testcase classname="testNG.TestNGEx5" name="BankLoginForWealthCustomer" time="0.004"/>
</testsuite> <!-- testNG.TestNGEx5 -->
