<?xml version="1.0" encoding="UTF-8"?>
<!-- Generated by org.testng.reporters.JUnitReportReporter -->
<testsuite hostname="DESKTOP-DNVR5H8" failures="0" tests="2" name="testNG.TestNGEx4" time="0.037" errors="0" timestamp="22 Feb 2024 15:14:47 GMT" skipped="0">
  <testcase classname="testNG.TestNGEx4" name="registration" time="0.007"/>
  <testcase classname="testNG.TestNGEx4" name="login" time="0.030"/>
</testsuite> <!-- testNG.TestNGEx4 -->
