<?xml version="1.0" encoding="UTF-8"?>
<!-- Generated by org.testng.reporters.JUnitReportReporter -->
<testsuite hostname="DESKTOP-DNVR5H8" failures="0" tests="4" name="testNG.TestNGEx7" time="0.279" errors="0" timestamp="22 Feb 2024 16:22:48 GMT" skipped="0">
  <testcase classname="testNG.TestNGEx7" name="m4" time="0.090"/>
  <testcase classname="testNG.TestNGEx7" name="m3" time="0.060"/>
  <testcase classname="testNG.TestNGEx7" name="m2" time="0.009"/>
  <testcase classname="testNG.TestNGEx7" name="m1" time="0.120"/>
</testsuite> <!-- testNG.TestNGEx7 -->
