<?xml version="1.0" encoding="UTF-8"?>
<!-- Generated by org.testng.reporters.JUnitReportReporter -->
<testsuite hostname="DESKTOP-DNVR5H8" failures="0" tests="1" name="testNG.TestNGEx3" time="8.066" errors="1" timestamp="21 Feb 2024 17:02:02 GMT" skipped="0">
  <testcase classname="testNG.TestNGEx3" name="m2" time="8.066">
    <error message="Method testNG.TestNGEx3.m2() didn&#039;t finish within the time-out 8000" type="org.testng.internal.thread.ThreadTimeoutException">
      <![CDATA[org.testng.internal.thread.ThreadTimeoutException: Method testNG.TestNGEx3.m2() didn't finish within the time-out 8000
at java.base@17.0.10/sun.nio.ch.Net.poll(Native Method)
at java.base@17.0.10/sun.nio.ch.NioSocketImpl.park(NioSocketImpl.java:186)
at java.base@17.0.10/sun.nio.ch.NioSocketImpl.timedRead(NioSocketImpl.java:290)
at java.base@17.0.10/sun.nio.ch.NioSocketImpl.implRead(NioSocketImpl.java:314)
at java.base@17.0.10/sun.nio.ch.NioSocketImpl.read(NioSocketImpl.java:355)
at java.base@17.0.10/sun.nio.ch.NioSocketImpl$1.read(NioSocketImpl.java:808)
at java.base@17.0.10/java.net.Socket$SocketInputStream.read(Socket.java:966)
at app//okio.Okio$2.read(Okio.java:140)
at app//okio.AsyncTimeout$2.read(AsyncTimeout.java:237)
at app//okio.RealBufferedSource.indexOf(RealBufferedSource.java:355)
at app//okio.RealBufferedSource.readUtf8LineStrict(RealBufferedSource.java:227)
at app//okhttp3.internal.http1.Http1Codec.readHeaderLine(Http1Codec.java:215)
at app//okhttp3.internal.http1.Http1Codec.readResponseHeaders(Http1Codec.java:189)
at app//okhttp3.internal.http.CallServerInterceptor.intercept(CallServerInterceptor.java:88)
at app//okhttp3.internal.http.RealInterceptorChain.proceed(RealInterceptorChain.java:147)
at app//okhttp3.internal.http.RealInterceptorChain.proceed(RealInterceptorChain.java:121)
at app//org.openqa.selenium.remote.internal.OkHttpClient$Factory$1.lambda$createClient$1(OkHttpClient.java:152)
at app//org.openqa.selenium.remote.internal.OkHttpClient$Factory$1$$Lambda$80/0x000000010023bf18.intercept(Unknown Source)
at app//okhttp3.internal.http.RealInterceptorChain.proceed(RealInterceptorChain.java:147)
at app//okhttp3.internal.connection.ConnectInterceptor.intercept(ConnectInterceptor.java:45)
at app//okhttp3.internal.http.RealInterceptorChain.proceed(RealInterceptorChain.java:147)
at app//okhttp3.internal.http.RealInterceptorChain.proceed(RealInterceptorChain.java:121)
at app//okhttp3.internal.cache.CacheInterceptor.intercept(CacheInterceptor.java:93)
at app//okhttp3.internal.http.RealInterceptorChain.proceed(RealInterceptorChain.java:147)
at app//okhttp3.internal.http.RealInterceptorChain.proceed(RealInterceptorChain.java:121)
at app//okhttp3.internal.http.BridgeInterceptor.intercept(BridgeInterceptor.java:93)
at app//okhttp3.internal.http.RealInterceptorChain.proceed(RealInterceptorChain.java:147)
at app//okhttp3.internal.http.RetryAndFollowUpInterceptor.intercept(RetryAndFollowUpInterceptor.java:126)
at app//okhttp3.internal.http.RealInterceptorChain.proceed(RealInterceptorChain.java:147)
at app//okhttp3.internal.http.RealInterceptorChain.proceed(RealInterceptorChain.java:121)
at app//okhttp3.RealCall.getResponseWithInterceptorChain(RealCall.java:200)
at app//okhttp3.RealCall.execute(RealCall.java:77)
at app//org.openqa.selenium.remote.internal.OkHttpClient.execute(OkHttpClient.java:103)
at app//org.openqa.selenium.remote.HttpCommandExecutor.execute(HttpCommandExecutor.java:155)
at app//org.openqa.selenium.remote.service.DriverCommandExecutor.execute(DriverCommandExecutor.java:83)
at app//org.openqa.selenium.remote.RemoteWebDriver.execute(RemoteWebDriver.java:552)
at app//org.openqa.selenium.remote.RemoteWebDriver.findElement(RemoteWebDriver.java:323)
at app//org.openqa.selenium.remote.RemoteWebDriver.findElementById(RemoteWebDriver.java:372)
at app//org.openqa.selenium.By$ById.findElement(By.java:188)
at app//org.openqa.selenium.remote.RemoteWebDriver.findElement(RemoteWebDriver.java:315)
at app//testNG.TestNGEx3.m2(TestNGEx3.java:28)
at java.base@17.0.10/jdk.internal.reflect.NativeMethodAccessorImpl.invoke0(Native Method)
at java.base@17.0.10/jdk.internal.reflect.NativeMethodAccessorImpl.invoke(NativeMethodAccessorImpl.java:77)
at java.base@17.0.10/jdk.internal.reflect.DelegatingMethodAccessorImpl.invoke(DelegatingMethodAccessorImpl.java:43)
at java.base@17.0.10/java.lang.reflect.Method.invoke(Method.java:568)
at app//org.testng.internal.MethodInvocationHelper.invokeMethod(MethodInvocationHelper.java:124)
at app//org.testng.internal.InvokeMethodRunnable.runOne(InvokeMethodRunnable.java:54)
at app//org.testng.internal.InvokeMethodRunnable.run(InvokeMethodRunnable.java:44)
at java.base@17.0.10/java.util.concurrent.Executors$RunnableAdapter.call(Executors.java:539)
at java.base@17.0.10/java.util.concurrent.FutureTask.run(FutureTask.java:264)
at java.base@17.0.10/java.util.concurrent.ThreadPoolExecutor.runWorker(ThreadPoolExecutor.java:1136)
at java.base@17.0.10/java.util.concurrent.ThreadPoolExecutor$Worker.run(ThreadPoolExecutor.java:635)
at java.base@17.0.10/java.lang.Thread.run(Thread.java:840)
]]>
    </error>
  </testcase> <!-- m2 -->
</testsuite> <!-- testNG.TestNGEx3 -->
